{"C:\\Users\\Igor Oliveira\\Documents\\Projetos_IPCA-3_Semestre\\Computacao_Distribuida\\SmartGym_API_Prod\\knexfile.js": {"path":"C:\\Users\\Igor Oliveira\\Documents\\Projetos_IPCA-3_Semestre\\Computacao_Distribuida\\SmartGym_API_Prod\\knexfile.js","statementMap":{"0":{"start":{"line":2,"column":0},"end":{"line":47,"column":2}}},"fnMap":{},"branchMap":{},"s":{"0":7},"f":{},"b":{},"_coverageSchema":"1a1c01bbd47fc00a2c39e90264f33305004495a9","hash":"49f1c980ba9c55d3f829b0d6d79fe2f3da07d2aa"}
,"C:\\Users\\Igor Oliveira\\Documents\\Projetos_IPCA-3_Semestre\\Computacao_Distribuida\\SmartGym_API_Prod\\src\\app.js": {"path":"C:\\Users\\Igor Oliveira\\Documents\\Projetos_IPCA-3_Semestre\\Computacao_Distribuida\\SmartGym_API_Prod\\src\\app.js","statementMap":{"0":{"start":{"line":1,"column":12},"end":{"line":1,"column":32}},"1":{"start":{"line":2,"column":16},"end":{"line":2,"column":34}},"2":{"start":{"line":3,"column":18},"end":{"line":3,"column":47}},"3":{"start":{"line":5,"column":13},"end":{"line":5,"column":28}},"4":{"start":{"line":7,"column":13},"end":{"line":7,"column":28}},"5":{"start":{"line":8,"column":17},"end":{"line":8,"column":39}},"6":{"start":{"line":10,"column":20},"end":{"line":10,"column":45}},"7":{"start":{"line":12,"column":0},"end":{"line":12,"column":46}},"8":{"start":{"line":14,"column":0},"end":{"line":14,"column":68}},"9":{"start":{"line":16,"column":0},"end":{"line":16,"column":16}},"10":{"start":{"line":18,"column":0},"end":{"line":24,"column":13}},"11":{"start":{"line":26,"column":0},"end":{"line":28,"column":3}},"12":{"start":{"line":27,"column":2},"end":{"line":27,"column":49}},"13":{"start":{"line":30,"column":0},"end":{"line":35,"column":3}},"14":{"start":{"line":31,"column":35},"end":{"line":31,"column":38}},"15":{"start":{"line":32,"column":2},"end":{"line":33,"column":54}},"16":{"start":{"line":32,"column":34},"end":{"line":32,"column":75}},"17":{"start":{"line":33,"column":7},"end":{"line":33,"column":54}},"18":{"start":{"line":34,"column":2},"end":{"line":34,"column":12}},"19":{"start":{"line":37,"column":0},"end":{"line":37,"column":21}}},"fnMap":{"0":{"name":"(anonymous_0)","decl":{"start":{"line":26,"column":13},"end":{"line":26,"column":14}},"loc":{"start":{"line":26,"column":27},"end":{"line":28,"column":1}},"line":26},"1":{"name":"(anonymous_1)","decl":{"start":{"line":30,"column":8},"end":{"line":30,"column":9}},"loc":{"start":{"line":30,"column":33},"end":{"line":35,"column":1}},"line":30}},"branchMap":{"0":{"loc":{"start":{"line":32,"column":2},"end":{"line":33,"column":54}},"type":"if","locations":[{"start":{"line":32,"column":2},"end":{"line":33,"column":54}},{"start":{"line":33,"column":7},"end":{"line":33,"column":54}}],"line":32}},"s":{"0":7,"1":7,"2":7,"3":7,"4":7,"5":7,"6":7,"7":7,"8":7,"9":7,"10":7,"11":7,"12":1,"13":7,"14":29,"15":29,"16":29,"17":0,"18":29,"19":7},"f":{"0":1,"1":29},"b":{"0":[29,0]},"_coverageSchema":"1a1c01bbd47fc00a2c39e90264f33305004495a9","hash":"e0931211b8e26c26c65be9abb2914a9ded738740"}
,"C:\\Users\\Igor Oliveira\\Documents\\Projetos_IPCA-3_Semestre\\Computacao_Distribuida\\SmartGym_API_Prod\\src\\config\\middlewares.js": {"path":"C:\\Users\\Igor Oliveira\\Documents\\Projetos_IPCA-3_Semestre\\Computacao_Distribuida\\SmartGym_API_Prod\\src\\config\\middlewares.js","statementMap":{"0":{"start":{"line":1,"column":19},"end":{"line":1,"column":41}},"1":{"start":{"line":3,"column":0},"end":{"line":5,"column":2}},"2":{"start":{"line":4,"column":2},"end":{"line":4,"column":29}}},"fnMap":{"0":{"name":"(anonymous_0)","decl":{"start":{"line":3,"column":17},"end":{"line":3,"column":18}},"loc":{"start":{"line":3,"column":26},"end":{"line":5,"column":1}},"line":3}},"branchMap":{},"s":{"0":7,"1":7,"2":7},"f":{"0":7},"b":{},"_coverageSchema":"1a1c01bbd47fc00a2c39e90264f33305004495a9","hash":"e6f074c5ea93ffccbe8f24bc0b2b0b1e5dcade60"}
,"C:\\Users\\Igor Oliveira\\Documents\\Projetos_IPCA-3_Semestre\\Computacao_Distribuida\\SmartGym_API_Prod\\src\\config\\passport.js": {"path":"C:\\Users\\Igor Oliveira\\Documents\\Projetos_IPCA-3_Semestre\\Computacao_Distribuida\\SmartGym_API_Prod\\src\\config\\passport.js","statementMap":{"0":{"start":{"line":1,"column":17},"end":{"line":1,"column":36}},"1":{"start":{"line":2,"column":20},"end":{"line":2,"column":43}},"2":{"start":{"line":4,"column":15},"end":{"line":4,"column":28}},"3":{"start":{"line":6,"column":33},"end":{"line":6,"column":44}},"4":{"start":{"line":8,"column":0},"end":{"line":29,"column":2}},"5":{"start":{"line":9,"column":17},"end":{"line":12,"column":3}},"6":{"start":{"line":14,"column":19},"end":{"line":22,"column":4}},"7":{"start":{"line":15,"column":4},"end":{"line":21,"column":42}},"8":{"start":{"line":19,"column":8},"end":{"line":20,"column":31}},"9":{"start":{"line":19,"column":21},"end":{"line":19,"column":48}},"10":{"start":{"line":20,"column":13},"end":{"line":20,"column":31}},"11":{"start":{"line":21,"column":24},"end":{"line":21,"column":40}},"12":{"start":{"line":24,"column":2},"end":{"line":24,"column":25}},"13":{"start":{"line":26,"column":2},"end":{"line":28,"column":4}},"14":{"start":{"line":27,"column":24},"end":{"line":27,"column":72}}},"fnMap":{"0":{"name":"(anonymous_0)","decl":{"start":{"line":8,"column":17},"end":{"line":8,"column":18}},"loc":{"start":{"line":8,"column":26},"end":{"line":29,"column":1}},"line":8},"1":{"name":"(anonymous_1)","decl":{"start":{"line":14,"column":40},"end":{"line":14,"column":41}},"loc":{"start":{"line":14,"column":59},"end":{"line":22,"column":3}},"line":14},"2":{"name":"(anonymous_2)","decl":{"start":{"line":16,"column":12},"end":{"line":16,"column":13}},"loc":{"start":{"line":16,"column":25},"end":{"line":21,"column":7}},"line":16},"3":{"name":"(anonymous_3)","decl":{"start":{"line":21,"column":15},"end":{"line":21,"column":16}},"loc":{"start":{"line":21,"column":24},"end":{"line":21,"column":40}},"line":21},"4":{"name":"(anonymous_4)","decl":{"start":{"line":27,"column":18},"end":{"line":27,"column":19}},"loc":{"start":{"line":27,"column":24},"end":{"line":27,"column":72}},"line":27}},"branchMap":{"0":{"loc":{"start":{"line":19,"column":8},"end":{"line":20,"column":31}},"type":"if","locations":[{"start":{"line":19,"column":8},"end":{"line":20,"column":31}},{"start":{"line":20,"column":13},"end":{"line":20,"column":31}}],"line":19}},"s":{"0":7,"1":7,"2":7,"3":7,"4":7,"5":7,"6":7,"7":50,"8":50,"9":50,"10":0,"11":0,"12":7,"13":7,"14":7},"f":{"0":7,"1":50,"2":50,"3":0,"4":7},"b":{"0":[50,0]},"_coverageSchema":"1a1c01bbd47fc00a2c39e90264f33305004495a9","hash":"091dff2bb1c984fbcf066cce56ef03eb2d309213"}
,"C:\\Users\\Igor Oliveira\\Documents\\Projetos_IPCA-3_Semestre\\Computacao_Distribuida\\SmartGym_API_Prod\\src\\config\\router.js": {"path":"C:\\Users\\Igor Oliveira\\Documents\\Projetos_IPCA-3_Semestre\\Computacao_Distribuida\\SmartGym_API_Prod\\src\\config\\router.js","statementMap":{"0":{"start":{"line":1,"column":16},"end":{"line":1,"column":34}},"1":{"start":{"line":3,"column":0},"end":{"line":15,"column":2}},"2":{"start":{"line":4,"column":2},"end":{"line":4,"column":37}},"3":{"start":{"line":6,"column":23},"end":{"line":6,"column":39}},"4":{"start":{"line":8,"column":2},"end":{"line":8,"column":53}},"5":{"start":{"line":9,"column":2},"end":{"line":9,"column":47}},"6":{"start":{"line":10,"column":2},"end":{"line":10,"column":53}},"7":{"start":{"line":11,"column":2},"end":{"line":11,"column":49}},"8":{"start":{"line":12,"column":2},"end":{"line":12,"column":51}},"9":{"start":{"line":14,"column":2},"end":{"line":14,"column":67}}},"fnMap":{"0":{"name":"(anonymous_0)","decl":{"start":{"line":3,"column":17},"end":{"line":3,"column":18}},"loc":{"start":{"line":3,"column":26},"end":{"line":15,"column":1}},"line":3}},"branchMap":{},"s":{"0":7,"1":7,"2":7,"3":7,"4":7,"5":7,"6":7,"7":7,"8":7,"9":7},"f":{"0":7},"b":{},"_coverageSchema":"1a1c01bbd47fc00a2c39e90264f33305004495a9","hash":"75391a291bc144827794919615d0f823a0c8a244"}
,"C:\\Users\\Igor Oliveira\\Documents\\Projetos_IPCA-3_Semestre\\Computacao_Distribuida\\SmartGym_API_Prod\\src\\errors\\validationError.js": {"path":"C:\\Users\\Igor Oliveira\\Documents\\Projetos_IPCA-3_Semestre\\Computacao_Distribuida\\SmartGym_API_Prod\\src\\errors\\validationError.js","statementMap":{"0":{"start":{"line":1,"column":0},"end":{"line":4,"column":2}},"1":{"start":{"line":2,"column":2},"end":{"line":2,"column":32}},"2":{"start":{"line":3,"column":2},"end":{"line":3,"column":25}}},"fnMap":{"0":{"name":"validationError","decl":{"start":{"line":1,"column":26},"end":{"line":1,"column":41}},"loc":{"start":{"line":1,"column":51},"end":{"line":4,"column":1}},"line":1}},"branchMap":{},"s":{"0":7,"1":29,"2":29},"f":{"0":29},"b":{},"_coverageSchema":"1a1c01bbd47fc00a2c39e90264f33305004495a9","hash":"901f6e908476d620def1ee7569f5fcddfd8f3c42"}
,"C:\\Users\\Igor Oliveira\\Documents\\Projetos_IPCA-3_Semestre\\Computacao_Distribuida\\SmartGym_API_Prod\\src\\routes\\aulas.js": {"path":"C:\\Users\\Igor Oliveira\\Documents\\Projetos_IPCA-3_Semestre\\Computacao_Distribuida\\SmartGym_API_Prod\\src\\routes\\aulas.js","statementMap":{"0":{"start":{"line":1,"column":16},"end":{"line":1,"column":34}},"1":{"start":{"line":3,"column":0},"end":{"line":40,"column":2}},"2":{"start":{"line":4,"column":17},"end":{"line":4,"column":33}},"3":{"start":{"line":6,"column":2},"end":{"line":10,"column":5}},"4":{"start":{"line":7,"column":4},"end":{"line":9,"column":33}},"5":{"start":{"line":8,"column":24},"end":{"line":8,"column":52}},"6":{"start":{"line":9,"column":22},"end":{"line":9,"column":31}},"7":{"start":{"line":12,"column":2},"end":{"line":19,"column":5}},"8":{"start":{"line":13,"column":4},"end":{"line":18,"column":5}},"9":{"start":{"line":14,"column":21},"end":{"line":14,"column":59}},"10":{"start":{"line":15,"column":6},"end":{"line":15,"column":45}},"11":{"start":{"line":17,"column":6},"end":{"line":17,"column":23}},"12":{"start":{"line":21,"column":2},"end":{"line":25,"column":5}},"13":{"start":{"line":22,"column":4},"end":{"line":24,"column":33}},"14":{"start":{"line":23,"column":24},"end":{"line":23,"column":52}},"15":{"start":{"line":24,"column":22},"end":{"line":24,"column":31}},"16":{"start":{"line":27,"column":2},"end":{"line":31,"column":5}},"17":{"start":{"line":28,"column":4},"end":{"line":30,"column":33}},"18":{"start":{"line":29,"column":18},"end":{"line":29,"column":40}},"19":{"start":{"line":30,"column":22},"end":{"line":30,"column":31}},"20":{"start":{"line":33,"column":2},"end":{"line":37,"column":5}},"21":{"start":{"line":34,"column":4},"end":{"line":36,"column":33}},"22":{"start":{"line":35,"column":24},"end":{"line":35,"column":55}},"23":{"start":{"line":36,"column":22},"end":{"line":36,"column":31}},"24":{"start":{"line":39,"column":2},"end":{"line":39,"column":16}}},"fnMap":{"0":{"name":"(anonymous_0)","decl":{"start":{"line":3,"column":17},"end":{"line":3,"column":18}},"loc":{"start":{"line":3,"column":26},"end":{"line":40,"column":1}},"line":3},"1":{"name":"(anonymous_1)","decl":{"start":{"line":6,"column":18},"end":{"line":6,"column":19}},"loc":{"start":{"line":6,"column":38},"end":{"line":10,"column":3}},"line":6},"2":{"name":"(anonymous_2)","decl":{"start":{"line":8,"column":12},"end":{"line":8,"column":13}},"loc":{"start":{"line":8,"column":24},"end":{"line":8,"column":52}},"line":8},"3":{"name":"(anonymous_3)","decl":{"start":{"line":9,"column":13},"end":{"line":9,"column":14}},"loc":{"start":{"line":9,"column":22},"end":{"line":9,"column":31}},"line":9},"4":{"name":"(anonymous_4)","decl":{"start":{"line":12,"column":19},"end":{"line":12,"column":20}},"loc":{"start":{"line":12,"column":45},"end":{"line":19,"column":3}},"line":12},"5":{"name":"(anonymous_5)","decl":{"start":{"line":21,"column":21},"end":{"line":21,"column":22}},"loc":{"start":{"line":21,"column":41},"end":{"line":25,"column":3}},"line":21},"6":{"name":"(anonymous_6)","decl":{"start":{"line":23,"column":12},"end":{"line":23,"column":13}},"loc":{"start":{"line":23,"column":24},"end":{"line":23,"column":52}},"line":23},"7":{"name":"(anonymous_7)","decl":{"start":{"line":24,"column":13},"end":{"line":24,"column":14}},"loc":{"start":{"line":24,"column":22},"end":{"line":24,"column":31}},"line":24},"8":{"name":"(anonymous_8)","decl":{"start":{"line":27,"column":24},"end":{"line":27,"column":25}},"loc":{"start":{"line":27,"column":50},"end":{"line":31,"column":3}},"line":27},"9":{"name":"(anonymous_9)","decl":{"start":{"line":29,"column":12},"end":{"line":29,"column":13}},"loc":{"start":{"line":29,"column":18},"end":{"line":29,"column":40}},"line":29},"10":{"name":"(anonymous_10)","decl":{"start":{"line":30,"column":13},"end":{"line":30,"column":14}},"loc":{"start":{"line":30,"column":22},"end":{"line":30,"column":31}},"line":30},"11":{"name":"(anonymous_11)","decl":{"start":{"line":33,"column":21},"end":{"line":33,"column":22}},"loc":{"start":{"line":33,"column":41},"end":{"line":37,"column":3}},"line":33},"12":{"name":"(anonymous_12)","decl":{"start":{"line":35,"column":12},"end":{"line":35,"column":13}},"loc":{"start":{"line":35,"column":24},"end":{"line":35,"column":55}},"line":35},"13":{"name":"(anonymous_13)","decl":{"start":{"line":36,"column":13},"end":{"line":36,"column":14}},"loc":{"start":{"line":36,"column":22},"end":{"line":36,"column":31}},"line":36}},"branchMap":{},"s":{"0":7,"1":7,"2":7,"3":7,"4":1,"5":1,"6":0,"7":7,"8":8,"9":8,"10":1,"11":7,"12":7,"13":1,"14":1,"15":0,"16":7,"17":1,"18":1,"19":0,"20":7,"21":2,"22":1,"23":1,"24":7},"f":{"0":7,"1":1,"2":1,"3":0,"4":8,"5":1,"6":1,"7":0,"8":1,"9":1,"10":0,"11":2,"12":1,"13":1},"b":{},"_coverageSchema":"1a1c01bbd47fc00a2c39e90264f33305004495a9","hash":"50f0e10114cd8f631db28b55a28054fd25c55066"}
,"C:\\Users\\Igor Oliveira\\Documents\\Projetos_IPCA-3_Semestre\\Computacao_Distribuida\\SmartGym_API_Prod\\src\\routes\\auths.js": {"path":"C:\\Users\\Igor Oliveira\\Documents\\Projetos_IPCA-3_Semestre\\Computacao_Distribuida\\SmartGym_API_Prod\\src\\routes\\auths.js","statementMap":{"0":{"start":{"line":1,"column":16},"end":{"line":1,"column":34}},"1":{"start":{"line":2,"column":12},"end":{"line":2,"column":33}},"2":{"start":{"line":3,"column":15},"end":{"line":3,"column":39}},"3":{"start":{"line":4,"column":24},"end":{"line":4,"column":60}},"4":{"start":{"line":6,"column":15},"end":{"line":6,"column":28}},"5":{"start":{"line":8,"column":0},"end":{"line":38,"column":2}},"6":{"start":{"line":9,"column":17},"end":{"line":9,"column":33}},"7":{"start":{"line":11,"column":2},"end":{"line":26,"column":5}},"8":{"start":{"line":12,"column":4},"end":{"line":25,"column":35}},"9":{"start":{"line":14,"column":8},"end":{"line":14,"column":65}},"10":{"start":{"line":14,"column":22},"end":{"line":14,"column":65}},"11":{"start":{"line":15,"column":8},"end":{"line":24,"column":63}},"12":{"start":{"line":16,"column":26},"end":{"line":21,"column":11}},"13":{"start":{"line":22,"column":24},"end":{"line":22,"column":51}},"14":{"start":{"line":23,"column":10},"end":{"line":23,"column":42}},"15":{"start":{"line":24,"column":15},"end":{"line":24,"column":63}},"16":{"start":{"line":25,"column":24},"end":{"line":25,"column":33}},"17":{"start":{"line":28,"column":2},"end":{"line":35,"column":5}},"18":{"start":{"line":29,"column":4},"end":{"line":34,"column":5}},"19":{"start":{"line":30,"column":21},"end":{"line":30,"column":62}},"20":{"start":{"line":31,"column":6},"end":{"line":31,"column":45}},"21":{"start":{"line":33,"column":6},"end":{"line":33,"column":23}},"22":{"start":{"line":37,"column":2},"end":{"line":37,"column":16}}},"fnMap":{"0":{"name":"(anonymous_0)","decl":{"start":{"line":8,"column":17},"end":{"line":8,"column":18}},"loc":{"start":{"line":8,"column":26},"end":{"line":38,"column":1}},"line":8},"1":{"name":"(anonymous_1)","decl":{"start":{"line":11,"column":25},"end":{"line":11,"column":26}},"loc":{"start":{"line":11,"column":45},"end":{"line":26,"column":3}},"line":11},"2":{"name":"(anonymous_2)","decl":{"start":{"line":13,"column":12},"end":{"line":13,"column":13}},"loc":{"start":{"line":13,"column":25},"end":{"line":25,"column":7}},"line":13},"3":{"name":"(anonymous_3)","decl":{"start":{"line":25,"column":15},"end":{"line":25,"column":16}},"loc":{"start":{"line":25,"column":24},"end":{"line":25,"column":33}},"line":25},"4":{"name":"(anonymous_4)","decl":{"start":{"line":28,"column":25},"end":{"line":28,"column":26}},"loc":{"start":{"line":28,"column":51},"end":{"line":35,"column":3}},"line":28}},"branchMap":{"0":{"loc":{"start":{"line":14,"column":8},"end":{"line":14,"column":65}},"type":"if","locations":[{"start":{"line":14,"column":8},"end":{"line":14,"column":65}},{"start":{},"end":{}}],"line":14},"1":{"loc":{"start":{"line":15,"column":8},"end":{"line":24,"column":63}},"type":"if","locations":[{"start":{"line":15,"column":8},"end":{"line":24,"column":63}},{"start":{"line":24,"column":15},"end":{"line":24,"column":63}}],"line":15}},"s":{"0":7,"1":7,"2":7,"3":7,"4":7,"5":7,"6":7,"7":7,"8":3,"9":3,"10":1,"11":2,"12":1,"13":1,"14":1,"15":1,"16":2,"17":7,"18":1,"19":1,"20":1,"21":0,"22":7},"f":{"0":7,"1":3,"2":3,"3":2,"4":1},"b":{"0":[1,2],"1":[1,1]},"_coverageSchema":"1a1c01bbd47fc00a2c39e90264f33305004495a9","hash":"27c722f62b5182b9ac1e21cf58e3af688f8cf0b4"}
,"C:\\Users\\Igor Oliveira\\Documents\\Projetos_IPCA-3_Semestre\\Computacao_Distribuida\\SmartGym_API_Prod\\src\\routes\\clientes.js": {"path":"C:\\Users\\Igor Oliveira\\Documents\\Projetos_IPCA-3_Semestre\\Computacao_Distribuida\\SmartGym_API_Prod\\src\\routes\\clientes.js","statementMap":{"0":{"start":{"line":1,"column":16},"end":{"line":1,"column":34}},"1":{"start":{"line":3,"column":0},"end":{"line":40,"column":2}},"2":{"start":{"line":4,"column":17},"end":{"line":4,"column":33}},"3":{"start":{"line":6,"column":2},"end":{"line":10,"column":5}},"4":{"start":{"line":7,"column":4},"end":{"line":9,"column":33}},"5":{"start":{"line":8,"column":24},"end":{"line":8,"column":52}},"6":{"start":{"line":9,"column":22},"end":{"line":9,"column":31}},"7":{"start":{"line":12,"column":2},"end":{"line":19,"column":5}},"8":{"start":{"line":13,"column":4},"end":{"line":18,"column":5}},"9":{"start":{"line":14,"column":21},"end":{"line":14,"column":62}},"10":{"start":{"line":15,"column":6},"end":{"line":15,"column":45}},"11":{"start":{"line":17,"column":6},"end":{"line":17,"column":23}},"12":{"start":{"line":21,"column":2},"end":{"line":25,"column":5}},"13":{"start":{"line":22,"column":4},"end":{"line":24,"column":33}},"14":{"start":{"line":23,"column":24},"end":{"line":23,"column":52}},"15":{"start":{"line":24,"column":22},"end":{"line":24,"column":31}},"16":{"start":{"line":27,"column":2},"end":{"line":31,"column":5}},"17":{"start":{"line":28,"column":4},"end":{"line":30,"column":33}},"18":{"start":{"line":29,"column":18},"end":{"line":29,"column":40}},"19":{"start":{"line":30,"column":22},"end":{"line":30,"column":31}},"20":{"start":{"line":33,"column":2},"end":{"line":37,"column":5}},"21":{"start":{"line":34,"column":4},"end":{"line":36,"column":33}},"22":{"start":{"line":35,"column":24},"end":{"line":35,"column":55}},"23":{"start":{"line":36,"column":22},"end":{"line":36,"column":31}},"24":{"start":{"line":39,"column":2},"end":{"line":39,"column":16}}},"fnMap":{"0":{"name":"(anonymous_0)","decl":{"start":{"line":3,"column":17},"end":{"line":3,"column":18}},"loc":{"start":{"line":3,"column":26},"end":{"line":40,"column":1}},"line":3},"1":{"name":"(anonymous_1)","decl":{"start":{"line":6,"column":18},"end":{"line":6,"column":19}},"loc":{"start":{"line":6,"column":38},"end":{"line":10,"column":3}},"line":6},"2":{"name":"(anonymous_2)","decl":{"start":{"line":8,"column":12},"end":{"line":8,"column":13}},"loc":{"start":{"line":8,"column":24},"end":{"line":8,"column":52}},"line":8},"3":{"name":"(anonymous_3)","decl":{"start":{"line":9,"column":13},"end":{"line":9,"column":14}},"loc":{"start":{"line":9,"column":22},"end":{"line":9,"column":31}},"line":9},"4":{"name":"(anonymous_4)","decl":{"start":{"line":12,"column":19},"end":{"line":12,"column":20}},"loc":{"start":{"line":12,"column":45},"end":{"line":19,"column":3}},"line":12},"5":{"name":"(anonymous_5)","decl":{"start":{"line":21,"column":21},"end":{"line":21,"column":22}},"loc":{"start":{"line":21,"column":41},"end":{"line":25,"column":3}},"line":21},"6":{"name":"(anonymous_6)","decl":{"start":{"line":23,"column":12},"end":{"line":23,"column":13}},"loc":{"start":{"line":23,"column":24},"end":{"line":23,"column":52}},"line":23},"7":{"name":"(anonymous_7)","decl":{"start":{"line":24,"column":13},"end":{"line":24,"column":14}},"loc":{"start":{"line":24,"column":22},"end":{"line":24,"column":31}},"line":24},"8":{"name":"(anonymous_8)","decl":{"start":{"line":27,"column":24},"end":{"line":27,"column":25}},"loc":{"start":{"line":27,"column":50},"end":{"line":31,"column":3}},"line":27},"9":{"name":"(anonymous_9)","decl":{"start":{"line":29,"column":12},"end":{"line":29,"column":13}},"loc":{"start":{"line":29,"column":18},"end":{"line":29,"column":40}},"line":29},"10":{"name":"(anonymous_10)","decl":{"start":{"line":30,"column":13},"end":{"line":30,"column":14}},"loc":{"start":{"line":30,"column":22},"end":{"line":30,"column":31}},"line":30},"11":{"name":"(anonymous_11)","decl":{"start":{"line":33,"column":21},"end":{"line":33,"column":22}},"loc":{"start":{"line":33,"column":41},"end":{"line":37,"column":3}},"line":33},"12":{"name":"(anonymous_12)","decl":{"start":{"line":35,"column":12},"end":{"line":35,"column":13}},"loc":{"start":{"line":35,"column":24},"end":{"line":35,"column":55}},"line":35},"13":{"name":"(anonymous_13)","decl":{"start":{"line":36,"column":13},"end":{"line":36,"column":14}},"loc":{"start":{"line":36,"column":22},"end":{"line":36,"column":31}},"line":36}},"branchMap":{},"s":{"0":7,"1":7,"2":7,"3":7,"4":1,"5":1,"6":0,"7":7,"8":8,"9":8,"10":2,"11":6,"12":7,"13":1,"14":1,"15":0,"16":7,"17":1,"18":1,"19":0,"20":7,"21":5,"22":1,"23":4,"24":7},"f":{"0":7,"1":1,"2":1,"3":0,"4":8,"5":1,"6":1,"7":0,"8":1,"9":1,"10":0,"11":5,"12":1,"13":4},"b":{},"_coverageSchema":"1a1c01bbd47fc00a2c39e90264f33305004495a9","hash":"73de24898f45afbafa34a62b70f915b826032f08"}
,"C:\\Users\\Igor Oliveira\\Documents\\Projetos_IPCA-3_Semestre\\Computacao_Distribuida\\SmartGym_API_Prod\\src\\routes\\niveis.js": {"path":"C:\\Users\\Igor Oliveira\\Documents\\Projetos_IPCA-3_Semestre\\Computacao_Distribuida\\SmartGym_API_Prod\\src\\routes\\niveis.js","statementMap":{"0":{"start":{"line":1,"column":16},"end":{"line":1,"column":34}},"1":{"start":{"line":3,"column":0},"end":{"line":19,"column":2}},"2":{"start":{"line":4,"column":17},"end":{"line":4,"column":33}},"3":{"start":{"line":6,"column":2},"end":{"line":10,"column":5}},"4":{"start":{"line":7,"column":4},"end":{"line":9,"column":33}},"5":{"start":{"line":8,"column":24},"end":{"line":8,"column":52}},"6":{"start":{"line":9,"column":22},"end":{"line":9,"column":31}},"7":{"start":{"line":12,"column":2},"end":{"line":16,"column":5}},"8":{"start":{"line":13,"column":4},"end":{"line":15,"column":33}},"9":{"start":{"line":14,"column":24},"end":{"line":14,"column":55}},"10":{"start":{"line":15,"column":22},"end":{"line":15,"column":31}},"11":{"start":{"line":18,"column":2},"end":{"line":18,"column":16}}},"fnMap":{"0":{"name":"(anonymous_0)","decl":{"start":{"line":3,"column":17},"end":{"line":3,"column":18}},"loc":{"start":{"line":3,"column":26},"end":{"line":19,"column":1}},"line":3},"1":{"name":"(anonymous_1)","decl":{"start":{"line":6,"column":18},"end":{"line":6,"column":19}},"loc":{"start":{"line":6,"column":38},"end":{"line":10,"column":3}},"line":6},"2":{"name":"(anonymous_2)","decl":{"start":{"line":8,"column":12},"end":{"line":8,"column":13}},"loc":{"start":{"line":8,"column":24},"end":{"line":8,"column":52}},"line":8},"3":{"name":"(anonymous_3)","decl":{"start":{"line":9,"column":13},"end":{"line":9,"column":14}},"loc":{"start":{"line":9,"column":22},"end":{"line":9,"column":31}},"line":9},"4":{"name":"(anonymous_4)","decl":{"start":{"line":12,"column":21},"end":{"line":12,"column":22}},"loc":{"start":{"line":12,"column":41},"end":{"line":16,"column":3}},"line":12},"5":{"name":"(anonymous_5)","decl":{"start":{"line":14,"column":12},"end":{"line":14,"column":13}},"loc":{"start":{"line":14,"column":24},"end":{"line":14,"column":55}},"line":14},"6":{"name":"(anonymous_6)","decl":{"start":{"line":15,"column":13},"end":{"line":15,"column":14}},"loc":{"start":{"line":15,"column":22},"end":{"line":15,"column":31}},"line":15}},"branchMap":{},"s":{"0":7,"1":7,"2":7,"3":7,"4":1,"5":1,"6":0,"7":7,"8":1,"9":1,"10":0,"11":7},"f":{"0":7,"1":1,"2":1,"3":0,"4":1,"5":1,"6":0},"b":{},"_coverageSchema":"1a1c01bbd47fc00a2c39e90264f33305004495a9","hash":"f9c5ee38b8da03cac2565e456cf9bee93cdb4fdd"}
,"C:\\Users\\Igor Oliveira\\Documents\\Projetos_IPCA-3_Semestre\\Computacao_Distribuida\\SmartGym_API_Prod\\src\\routes\\reservas.js": {"path":"C:\\Users\\Igor Oliveira\\Documents\\Projetos_IPCA-3_Semestre\\Computacao_Distribuida\\SmartGym_API_Prod\\src\\routes\\reservas.js","statementMap":{"0":{"start":{"line":1,"column":16},"end":{"line":1,"column":34}},"1":{"start":{"line":3,"column":0},"end":{"line":34,"column":2}},"2":{"start":{"line":4,"column":17},"end":{"line":4,"column":33}},"3":{"start":{"line":6,"column":2},"end":{"line":10,"column":5}},"4":{"start":{"line":7,"column":4},"end":{"line":9,"column":33}},"5":{"start":{"line":8,"column":24},"end":{"line":8,"column":52}},"6":{"start":{"line":9,"column":22},"end":{"line":9,"column":31}},"7":{"start":{"line":12,"column":2},"end":{"line":16,"column":5}},"8":{"start":{"line":13,"column":4},"end":{"line":15,"column":33}},"9":{"start":{"line":14,"column":24},"end":{"line":14,"column":52}},"10":{"start":{"line":15,"column":22},"end":{"line":15,"column":31}},"11":{"start":{"line":18,"column":2},"end":{"line":25,"column":5}},"12":{"start":{"line":19,"column":4},"end":{"line":24,"column":5}},"13":{"start":{"line":20,"column":21},"end":{"line":20,"column":86}},"14":{"start":{"line":21,"column":6},"end":{"line":21,"column":45}},"15":{"start":{"line":23,"column":6},"end":{"line":23,"column":23}},"16":{"start":{"line":27,"column":2},"end":{"line":31,"column":5}},"17":{"start":{"line":28,"column":4},"end":{"line":30,"column":33}},"18":{"start":{"line":29,"column":18},"end":{"line":29,"column":40}},"19":{"start":{"line":30,"column":22},"end":{"line":30,"column":31}},"20":{"start":{"line":33,"column":2},"end":{"line":33,"column":16}}},"fnMap":{"0":{"name":"(anonymous_0)","decl":{"start":{"line":3,"column":17},"end":{"line":3,"column":18}},"loc":{"start":{"line":3,"column":26},"end":{"line":34,"column":1}},"line":3},"1":{"name":"(anonymous_1)","decl":{"start":{"line":6,"column":18},"end":{"line":6,"column":19}},"loc":{"start":{"line":6,"column":38},"end":{"line":10,"column":3}},"line":6},"2":{"name":"(anonymous_2)","decl":{"start":{"line":8,"column":12},"end":{"line":8,"column":13}},"loc":{"start":{"line":8,"column":24},"end":{"line":8,"column":52}},"line":8},"3":{"name":"(anonymous_3)","decl":{"start":{"line":9,"column":13},"end":{"line":9,"column":14}},"loc":{"start":{"line":9,"column":22},"end":{"line":9,"column":31}},"line":9},"4":{"name":"(anonymous_4)","decl":{"start":{"line":12,"column":21},"end":{"line":12,"column":22}},"loc":{"start":{"line":12,"column":41},"end":{"line":16,"column":3}},"line":12},"5":{"name":"(anonymous_5)","decl":{"start":{"line":14,"column":12},"end":{"line":14,"column":13}},"loc":{"start":{"line":14,"column":24},"end":{"line":14,"column":52}},"line":14},"6":{"name":"(anonymous_6)","decl":{"start":{"line":15,"column":13},"end":{"line":15,"column":14}},"loc":{"start":{"line":15,"column":22},"end":{"line":15,"column":31}},"line":15},"7":{"name":"(anonymous_7)","decl":{"start":{"line":18,"column":19},"end":{"line":18,"column":20}},"loc":{"start":{"line":18,"column":45},"end":{"line":25,"column":3}},"line":18},"8":{"name":"(anonymous_8)","decl":{"start":{"line":27,"column":24},"end":{"line":27,"column":25}},"loc":{"start":{"line":27,"column":50},"end":{"line":31,"column":3}},"line":27},"9":{"name":"(anonymous_9)","decl":{"start":{"line":29,"column":12},"end":{"line":29,"column":13}},"loc":{"start":{"line":29,"column":18},"end":{"line":29,"column":40}},"line":29},"10":{"name":"(anonymous_10)","decl":{"start":{"line":30,"column":13},"end":{"line":30,"column":14}},"loc":{"start":{"line":30,"column":22},"end":{"line":30,"column":31}},"line":30}},"branchMap":{},"s":{"0":7,"1":7,"2":7,"3":7,"4":2,"5":2,"6":0,"7":7,"8":1,"9":1,"10":0,"11":7,"12":4,"13":4,"14":1,"15":3,"16":7,"17":1,"18":1,"19":0,"20":7},"f":{"0":7,"1":2,"2":2,"3":0,"4":1,"5":1,"6":0,"7":4,"8":1,"9":1,"10":0},"b":{},"_coverageSchema":"1a1c01bbd47fc00a2c39e90264f33305004495a9","hash":"7c53210d176ee6db5d028ee4bd9e15b527c58e10"}
,"C:\\Users\\Igor Oliveira\\Documents\\Projetos_IPCA-3_Semestre\\Computacao_Distribuida\\SmartGym_API_Prod\\src\\routes\\treinos.js": {"path":"C:\\Users\\Igor Oliveira\\Documents\\Projetos_IPCA-3_Semestre\\Computacao_Distribuida\\SmartGym_API_Prod\\src\\routes\\treinos.js","statementMap":{"0":{"start":{"line":1,"column":16},"end":{"line":1,"column":34}},"1":{"start":{"line":3,"column":0},"end":{"line":40,"column":2}},"2":{"start":{"line":4,"column":17},"end":{"line":4,"column":33}},"3":{"start":{"line":6,"column":2},"end":{"line":10,"column":5}},"4":{"start":{"line":7,"column":4},"end":{"line":9,"column":33}},"5":{"start":{"line":8,"column":24},"end":{"line":8,"column":52}},"6":{"start":{"line":9,"column":22},"end":{"line":9,"column":31}},"7":{"start":{"line":12,"column":2},"end":{"line":16,"column":5}},"8":{"start":{"line":13,"column":4},"end":{"line":15,"column":33}},"9":{"start":{"line":14,"column":24},"end":{"line":14,"column":52}},"10":{"start":{"line":15,"column":22},"end":{"line":15,"column":31}},"11":{"start":{"line":18,"column":2},"end":{"line":25,"column":5}},"12":{"start":{"line":19,"column":4},"end":{"line":24,"column":5}},"13":{"start":{"line":20,"column":21},"end":{"line":20,"column":85}},"14":{"start":{"line":21,"column":6},"end":{"line":21,"column":45}},"15":{"start":{"line":23,"column":6},"end":{"line":23,"column":23}},"16":{"start":{"line":27,"column":2},"end":{"line":31,"column":5}},"17":{"start":{"line":28,"column":4},"end":{"line":30,"column":33}},"18":{"start":{"line":29,"column":24},"end":{"line":29,"column":55}},"19":{"start":{"line":30,"column":22},"end":{"line":30,"column":31}},"20":{"start":{"line":33,"column":2},"end":{"line":37,"column":5}},"21":{"start":{"line":34,"column":4},"end":{"line":36,"column":33}},"22":{"start":{"line":35,"column":18},"end":{"line":35,"column":40}},"23":{"start":{"line":36,"column":22},"end":{"line":36,"column":31}},"24":{"start":{"line":39,"column":2},"end":{"line":39,"column":16}}},"fnMap":{"0":{"name":"(anonymous_0)","decl":{"start":{"line":3,"column":17},"end":{"line":3,"column":18}},"loc":{"start":{"line":3,"column":26},"end":{"line":40,"column":1}},"line":3},"1":{"name":"(anonymous_1)","decl":{"start":{"line":6,"column":18},"end":{"line":6,"column":19}},"loc":{"start":{"line":6,"column":38},"end":{"line":10,"column":3}},"line":6},"2":{"name":"(anonymous_2)","decl":{"start":{"line":8,"column":12},"end":{"line":8,"column":13}},"loc":{"start":{"line":8,"column":24},"end":{"line":8,"column":52}},"line":8},"3":{"name":"(anonymous_3)","decl":{"start":{"line":9,"column":13},"end":{"line":9,"column":14}},"loc":{"start":{"line":9,"column":22},"end":{"line":9,"column":31}},"line":9},"4":{"name":"(anonymous_4)","decl":{"start":{"line":12,"column":21},"end":{"line":12,"column":22}},"loc":{"start":{"line":12,"column":41},"end":{"line":16,"column":3}},"line":12},"5":{"name":"(anonymous_5)","decl":{"start":{"line":14,"column":12},"end":{"line":14,"column":13}},"loc":{"start":{"line":14,"column":24},"end":{"line":14,"column":52}},"line":14},"6":{"name":"(anonymous_6)","decl":{"start":{"line":15,"column":13},"end":{"line":15,"column":14}},"loc":{"start":{"line":15,"column":22},"end":{"line":15,"column":31}},"line":15},"7":{"name":"(anonymous_7)","decl":{"start":{"line":18,"column":19},"end":{"line":18,"column":20}},"loc":{"start":{"line":18,"column":45},"end":{"line":25,"column":3}},"line":18},"8":{"name":"(anonymous_8)","decl":{"start":{"line":27,"column":21},"end":{"line":27,"column":22}},"loc":{"start":{"line":27,"column":41},"end":{"line":31,"column":3}},"line":27},"9":{"name":"(anonymous_9)","decl":{"start":{"line":29,"column":12},"end":{"line":29,"column":13}},"loc":{"start":{"line":29,"column":24},"end":{"line":29,"column":55}},"line":29},"10":{"name":"(anonymous_10)","decl":{"start":{"line":30,"column":13},"end":{"line":30,"column":14}},"loc":{"start":{"line":30,"column":22},"end":{"line":30,"column":31}},"line":30},"11":{"name":"(anonymous_11)","decl":{"start":{"line":33,"column":24},"end":{"line":33,"column":25}},"loc":{"start":{"line":33,"column":50},"end":{"line":37,"column":3}},"line":33},"12":{"name":"(anonymous_12)","decl":{"start":{"line":35,"column":12},"end":{"line":35,"column":13}},"loc":{"start":{"line":35,"column":18},"end":{"line":35,"column":40}},"line":35},"13":{"name":"(anonymous_13)","decl":{"start":{"line":36,"column":13},"end":{"line":36,"column":14}},"loc":{"start":{"line":36,"column":22},"end":{"line":36,"column":31}},"line":36}},"branchMap":{},"s":{"0":7,"1":7,"2":7,"3":7,"4":1,"5":1,"6":0,"7":7,"8":1,"9":1,"10":0,"11":7,"12":7,"13":7,"14":1,"15":6,"16":7,"17":1,"18":1,"19":0,"20":7,"21":1,"22":1,"23":0,"24":7},"f":{"0":7,"1":1,"2":1,"3":0,"4":1,"5":1,"6":0,"7":7,"8":1,"9":1,"10":0,"11":1,"12":1,"13":0},"b":{},"_coverageSchema":"1a1c01bbd47fc00a2c39e90264f33305004495a9","hash":"92cb375c786f0e410281425eff4c7b198b0dc540"}
,"C:\\Users\\Igor Oliveira\\Documents\\Projetos_IPCA-3_Semestre\\Computacao_Distribuida\\SmartGym_API_Prod\\src\\seeds\\niveis_aula.js": {"path":"C:\\Users\\Igor Oliveira\\Documents\\Projetos_IPCA-3_Semestre\\Computacao_Distribuida\\SmartGym_API_Prod\\src\\seeds\\niveis_aula.js","statementMap":{"0":{"start":{"line":1,"column":0},"end":{"line":8,"column":2}},"1":{"start":{"line":2,"column":2},"end":{"line":7,"column":8}},"2":{"start":{"line":3,"column":16},"end":{"line":7,"column":6}}},"fnMap":{"0":{"name":"(anonymous_0)","decl":{"start":{"line":1,"column":15},"end":{"line":1,"column":16}},"loc":{"start":{"line":1,"column":25},"end":{"line":8,"column":1}},"line":1},"1":{"name":"(anonymous_1)","decl":{"start":{"line":3,"column":10},"end":{"line":3,"column":11}},"loc":{"start":{"line":3,"column":16},"end":{"line":7,"column":6}},"line":3}},"branchMap":{},"s":{"0":1,"1":1,"2":1},"f":{"0":1,"1":1},"b":{},"_coverageSchema":"1a1c01bbd47fc00a2c39e90264f33305004495a9","hash":"2b68e08f76ca9816763583bac80cff8e91854853"}
,"C:\\Users\\Igor Oliveira\\Documents\\Projetos_IPCA-3_Semestre\\Computacao_Distribuida\\SmartGym_API_Prod\\src\\services\\aula.js": {"path":"C:\\Users\\Igor Oliveira\\Documents\\Projetos_IPCA-3_Semestre\\Computacao_Distribuida\\SmartGym_API_Prod\\src\\services\\aula.js","statementMap":{"0":{"start":{"line":1,"column":24},"end":{"line":1,"column":60}},"1":{"start":{"line":3,"column":0},"end":{"line":39,"column":2}},"2":{"start":{"line":4,"column":18},"end":{"line":4,"column":175}},"3":{"start":{"line":4,"column":35},"end":{"line":4,"column":175}},"4":{"start":{"line":6,"column":18},"end":{"line":8,"column":3}},"5":{"start":{"line":7,"column":4},"end":{"line":7,"column":49}},"6":{"start":{"line":10,"column":15},"end":{"line":20,"column":3}},"7":{"start":{"line":11,"column":4},"end":{"line":11,"column":85}},"8":{"start":{"line":11,"column":25},"end":{"line":11,"column":85}},"9":{"start":{"line":12,"column":4},"end":{"line":12,"column":80}},"10":{"start":{"line":12,"column":20},"end":{"line":12,"column":80}},"11":{"start":{"line":13,"column":4},"end":{"line":13,"column":98}},"12":{"start":{"line":13,"column":25},"end":{"line":13,"column":98}},"13":{"start":{"line":14,"column":4},"end":{"line":14,"column":82}},"14":{"start":{"line":14,"column":21},"end":{"line":14,"column":82}},"15":{"start":{"line":15,"column":4},"end":{"line":15,"column":86}},"16":{"start":{"line":15,"column":23},"end":{"line":15,"column":86}},"17":{"start":{"line":16,"column":4},"end":{"line":16,"column":82}},"18":{"start":{"line":16,"column":21},"end":{"line":16,"column":82}},"19":{"start":{"line":17,"column":4},"end":{"line":17,"column":86}},"20":{"start":{"line":17,"column":23},"end":{"line":17,"column":86}},"21":{"start":{"line":19,"column":4},"end":{"line":19,"column":45}},"22":{"start":{"line":22,"column":17},"end":{"line":26,"column":3}},"23":{"start":{"line":23,"column":4},"end":{"line":25,"column":13}},"24":{"start":{"line":28,"column":17},"end":{"line":34,"column":3}},"25":{"start":{"line":29,"column":4},"end":{"line":29,"column":98}},"26":{"start":{"line":29,"column":25},"end":{"line":29,"column":98}},"27":{"start":{"line":31,"column":4},"end":{"line":33,"column":25}},"28":{"start":{"line":36,"column":2},"end":{"line":38,"column":4}}},"fnMap":{"0":{"name":"(anonymous_0)","decl":{"start":{"line":3,"column":17},"end":{"line":3,"column":18}},"loc":{"start":{"line":3,"column":26},"end":{"line":39,"column":1}},"line":3},"1":{"name":"(anonymous_1)","decl":{"start":{"line":4,"column":18},"end":{"line":4,"column":19}},"loc":{"start":{"line":4,"column":35},"end":{"line":4,"column":175}},"line":4},"2":{"name":"(anonymous_2)","decl":{"start":{"line":6,"column":18},"end":{"line":6,"column":19}},"loc":{"start":{"line":6,"column":35},"end":{"line":8,"column":3}},"line":6},"3":{"name":"(anonymous_3)","decl":{"start":{"line":10,"column":15},"end":{"line":10,"column":16}},"loc":{"start":{"line":10,"column":31},"end":{"line":20,"column":3}},"line":10},"4":{"name":"(anonymous_4)","decl":{"start":{"line":22,"column":17},"end":{"line":22,"column":18}},"loc":{"start":{"line":22,"column":25},"end":{"line":26,"column":3}},"line":22},"5":{"name":"(anonymous_5)","decl":{"start":{"line":28,"column":17},"end":{"line":28,"column":18}},"loc":{"start":{"line":28,"column":37},"end":{"line":34,"column":3}},"line":28}},"branchMap":{"0":{"loc":{"start":{"line":4,"column":19},"end":{"line":4,"column":30}},"type":"default-arg","locations":[{"start":{"line":4,"column":28},"end":{"line":4,"column":30}}],"line":4},"1":{"loc":{"start":{"line":6,"column":19},"end":{"line":6,"column":30}},"type":"default-arg","locations":[{"start":{"line":6,"column":28},"end":{"line":6,"column":30}}],"line":6},"2":{"loc":{"start":{"line":11,"column":4},"end":{"line":11,"column":85}},"type":"if","locations":[{"start":{"line":11,"column":4},"end":{"line":11,"column":85}},{"start":{},"end":{}}],"line":11},"3":{"loc":{"start":{"line":12,"column":4},"end":{"line":12,"column":80}},"type":"if","locations":[{"start":{"line":12,"column":4},"end":{"line":12,"column":80}},{"start":{},"end":{}}],"line":12},"4":{"loc":{"start":{"line":13,"column":4},"end":{"line":13,"column":98}},"type":"if","locations":[{"start":{"line":13,"column":4},"end":{"line":13,"column":98}},{"start":{},"end":{}}],"line":13},"5":{"loc":{"start":{"line":14,"column":4},"end":{"line":14,"column":82}},"type":"if","locations":[{"start":{"line":14,"column":4},"end":{"line":14,"column":82}},{"start":{},"end":{}}],"line":14},"6":{"loc":{"start":{"line":15,"column":4},"end":{"line":15,"column":86}},"type":"if","locations":[{"start":{"line":15,"column":4},"end":{"line":15,"column":86}},{"start":{},"end":{}}],"line":15},"7":{"loc":{"start":{"line":16,"column":4},"end":{"line":16,"column":82}},"type":"if","locations":[{"start":{"line":16,"column":4},"end":{"line":16,"column":82}},{"start":{},"end":{}}],"line":16},"8":{"loc":{"start":{"line":17,"column":4},"end":{"line":17,"column":86}},"type":"if","locations":[{"start":{"line":17,"column":4},"end":{"line":17,"column":86}},{"start":{},"end":{}}],"line":17},"9":{"loc":{"start":{"line":29,"column":4},"end":{"line":29,"column":98}},"type":"if","locations":[{"start":{"line":29,"column":4},"end":{"line":29,"column":98}},{"start":{},"end":{}}],"line":29}},"s":{"0":7,"1":7,"2":7,"3":1,"4":7,"5":1,"6":7,"7":11,"8":1,"9":10,"10":1,"11":9,"12":1,"13":8,"14":1,"15":7,"16":1,"17":6,"18":1,"19":5,"20":1,"21":4,"22":7,"23":1,"24":7,"25":2,"26":1,"27":1,"28":7},"f":{"0":7,"1":1,"2":1,"3":11,"4":1,"5":2},"b":{"0":[1],"1":[0],"2":[1,10],"3":[1,9],"4":[1,8],"5":[1,7],"6":[1,6],"7":[1,5],"8":[1,4],"9":[1,1]},"_coverageSchema":"1a1c01bbd47fc00a2c39e90264f33305004495a9","hash":"f2afc64757b12509ac2f93f859846cacceae9ad9"}
,"C:\\Users\\Igor Oliveira\\Documents\\Projetos_IPCA-3_Semestre\\Computacao_Distribuida\\SmartGym_API_Prod\\src\\services\\cliente.js": {"path":"C:\\Users\\Igor Oliveira\\Documents\\Projetos_IPCA-3_Semestre\\Computacao_Distribuida\\SmartGym_API_Prod\\src\\services\\cliente.js","statementMap":{"0":{"start":{"line":1,"column":15},"end":{"line":1,"column":39}},"1":{"start":{"line":2,"column":24},"end":{"line":2,"column":60}},"2":{"start":{"line":4,"column":0},"end":{"line":55,"column":2}},"3":{"start":{"line":5,"column":18},"end":{"line":5,"column":106}},"4":{"start":{"line":5,"column":35},"end":{"line":5,"column":106}},"5":{"start":{"line":7,"column":18},"end":{"line":9,"column":3}},"6":{"start":{"line":8,"column":4},"end":{"line":8,"column":52}},"7":{"start":{"line":11,"column":26},"end":{"line":14,"column":3}},"8":{"start":{"line":12,"column":17},"end":{"line":12,"column":39}},"9":{"start":{"line":13,"column":4},"end":{"line":13,"column":39}},"10":{"start":{"line":16,"column":15},"end":{"line":31,"column":3}},"11":{"start":{"line":17,"column":4},"end":{"line":17,"column":83}},"12":{"start":{"line":17,"column":23},"end":{"line":17,"column":83}},"13":{"start":{"line":18,"column":4},"end":{"line":18,"column":85}},"14":{"start":{"line":18,"column":24},"end":{"line":18,"column":85}},"15":{"start":{"line":19,"column":4},"end":{"line":19,"column":81}},"16":{"start":{"line":19,"column":22},"end":{"line":19,"column":81}},"17":{"start":{"line":20,"column":4},"end":{"line":20,"column":91}},"18":{"start":{"line":20,"column":27},"end":{"line":20,"column":91}},"19":{"start":{"line":22,"column":28},"end":{"line":22,"column":67}},"20":{"start":{"line":23,"column":4},"end":{"line":23,"column":87}},"21":{"start":{"line":23,"column":25},"end":{"line":23,"column":87}},"22":{"start":{"line":25,"column":26},"end":{"line":25,"column":61}},"23":{"start":{"line":26,"column":4},"end":{"line":26,"column":83}},"24":{"start":{"line":26,"column":23},"end":{"line":26,"column":83}},"25":{"start":{"line":28,"column":23},"end":{"line":28,"column":37}},"26":{"start":{"line":29,"column":4},"end":{"line":29,"column":60}},"27":{"start":{"line":30,"column":4},"end":{"line":30,"column":81}},"28":{"start":{"line":33,"column":17},"end":{"line":37,"column":3}},"29":{"start":{"line":34,"column":4},"end":{"line":36,"column":13}},"30":{"start":{"line":39,"column":17},"end":{"line":50,"column":3}},"31":{"start":{"line":40,"column":4},"end":{"line":40,"column":83}},"32":{"start":{"line":40,"column":23},"end":{"line":40,"column":83}},"33":{"start":{"line":41,"column":4},"end":{"line":41,"column":85}},"34":{"start":{"line":41,"column":24},"end":{"line":41,"column":85}},"35":{"start":{"line":42,"column":4},"end":{"line":42,"column":81}},"36":{"start":{"line":42,"column":22},"end":{"line":42,"column":81}},"37":{"start":{"line":43,"column":4},"end":{"line":43,"column":91}},"38":{"start":{"line":43,"column":27},"end":{"line":43,"column":91}},"39":{"start":{"line":45,"column":26},"end":{"line":45,"column":40}},"40":{"start":{"line":46,"column":4},"end":{"line":46,"column":63}},"41":{"start":{"line":47,"column":4},"end":{"line":49,"column":34}},"42":{"start":{"line":52,"column":2},"end":{"line":54,"column":4}}},"fnMap":{"0":{"name":"(anonymous_0)","decl":{"start":{"line":4,"column":17},"end":{"line":4,"column":18}},"loc":{"start":{"line":4,"column":26},"end":{"line":55,"column":1}},"line":4},"1":{"name":"(anonymous_1)","decl":{"start":{"line":5,"column":18},"end":{"line":5,"column":19}},"loc":{"start":{"line":5,"column":35},"end":{"line":5,"column":106}},"line":5},"2":{"name":"(anonymous_2)","decl":{"start":{"line":7,"column":18},"end":{"line":7,"column":19}},"loc":{"start":{"line":7,"column":35},"end":{"line":9,"column":3}},"line":7},"3":{"name":"(anonymous_3)","decl":{"start":{"line":11,"column":26},"end":{"line":11,"column":27}},"loc":{"start":{"line":11,"column":36},"end":{"line":14,"column":3}},"line":11},"4":{"name":"(anonymous_4)","decl":{"start":{"line":16,"column":15},"end":{"line":16,"column":16}},"loc":{"start":{"line":16,"column":34},"end":{"line":31,"column":3}},"line":16},"5":{"name":"(anonymous_5)","decl":{"start":{"line":33,"column":17},"end":{"line":33,"column":18}},"loc":{"start":{"line":33,"column":25},"end":{"line":37,"column":3}},"line":33},"6":{"name":"(anonymous_6)","decl":{"start":{"line":39,"column":17},"end":{"line":39,"column":18}},"loc":{"start":{"line":39,"column":40},"end":{"line":50,"column":3}},"line":39}},"branchMap":{"0":{"loc":{"start":{"line":5,"column":19},"end":{"line":5,"column":30}},"type":"default-arg","locations":[{"start":{"line":5,"column":28},"end":{"line":5,"column":30}}],"line":5},"1":{"loc":{"start":{"line":7,"column":19},"end":{"line":7,"column":30}},"type":"default-arg","locations":[{"start":{"line":7,"column":28},"end":{"line":7,"column":30}}],"line":7},"2":{"loc":{"start":{"line":17,"column":4},"end":{"line":17,"column":83}},"type":"if","locations":[{"start":{"line":17,"column":4},"end":{"line":17,"column":83}},{"start":{},"end":{}}],"line":17},"3":{"loc":{"start":{"line":18,"column":4},"end":{"line":18,"column":85}},"type":"if","locations":[{"start":{"line":18,"column":4},"end":{"line":18,"column":85}},{"start":{},"end":{}}],"line":18},"4":{"loc":{"start":{"line":19,"column":4},"end":{"line":19,"column":81}},"type":"if","locations":[{"start":{"line":19,"column":4},"end":{"line":19,"column":81}},{"start":{},"end":{}}],"line":19},"5":{"loc":{"start":{"line":20,"column":4},"end":{"line":20,"column":91}},"type":"if","locations":[{"start":{"line":20,"column":4},"end":{"line":20,"column":91}},{"start":{},"end":{}}],"line":20},"6":{"loc":{"start":{"line":23,"column":4},"end":{"line":23,"column":87}},"type":"if","locations":[{"start":{"line":23,"column":4},"end":{"line":23,"column":87}},{"start":{},"end":{}}],"line":23},"7":{"loc":{"start":{"line":26,"column":4},"end":{"line":26,"column":83}},"type":"if","locations":[{"start":{"line":26,"column":4},"end":{"line":26,"column":83}},{"start":{},"end":{}}],"line":26},"8":{"loc":{"start":{"line":40,"column":4},"end":{"line":40,"column":83}},"type":"if","locations":[{"start":{"line":40,"column":4},"end":{"line":40,"column":83}},{"start":{},"end":{}}],"line":40},"9":{"loc":{"start":{"line":41,"column":4},"end":{"line":41,"column":85}},"type":"if","locations":[{"start":{"line":41,"column":4},"end":{"line":41,"column":85}},{"start":{},"end":{}}],"line":41},"10":{"loc":{"start":{"line":42,"column":4},"end":{"line":42,"column":81}},"type":"if","locations":[{"start":{"line":42,"column":4},"end":{"line":42,"column":81}},{"start":{},"end":{}}],"line":42},"11":{"loc":{"start":{"line":43,"column":4},"end":{"line":43,"column":91}},"type":"if","locations":[{"start":{"line":43,"column":4},"end":{"line":43,"column":91}},{"start":{},"end":{}}],"line":43}},"s":{"0":7,"1":7,"2":7,"3":7,"4":1,"5":7,"6":82,"7":7,"8":13,"9":13,"10":7,"11":18,"12":1,"13":17,"14":1,"15":16,"16":1,"17":15,"18":1,"19":14,"20":14,"21":1,"22":13,"23":13,"24":1,"25":12,"26":12,"27":12,"28":7,"29":1,"30":7,"31":5,"32":1,"33":4,"34":1,"35":3,"36":1,"37":2,"38":1,"39":1,"40":1,"41":1,"42":7},"f":{"0":7,"1":1,"2":82,"3":13,"4":18,"5":1,"6":5},"b":{"0":[1],"1":[0],"2":[1,17],"3":[1,16],"4":[1,15],"5":[1,14],"6":[1,13],"7":[1,12],"8":[1,4],"9":[1,3],"10":[1,2],"11":[1,1]},"_coverageSchema":"1a1c01bbd47fc00a2c39e90264f33305004495a9","hash":"84bc703284f61536d5967a84743b9061d3b6464f"}
,"C:\\Users\\Igor Oliveira\\Documents\\Projetos_IPCA-3_Semestre\\Computacao_Distribuida\\SmartGym_API_Prod\\src\\services\\nivelAula.js": {"path":"C:\\Users\\Igor Oliveira\\Documents\\Projetos_IPCA-3_Semestre\\Computacao_Distribuida\\SmartGym_API_Prod\\src\\services\\nivelAula.js","statementMap":{"0":{"start":{"line":1,"column":0},"end":{"line":13,"column":2}},"1":{"start":{"line":2,"column":18},"end":{"line":2,"column":89}},"2":{"start":{"line":2,"column":35},"end":{"line":2,"column":89}},"3":{"start":{"line":4,"column":17},"end":{"line":8,"column":3}},"4":{"start":{"line":5,"column":4},"end":{"line":7,"column":26}},"5":{"start":{"line":10,"column":2},"end":{"line":12,"column":4}}},"fnMap":{"0":{"name":"(anonymous_0)","decl":{"start":{"line":1,"column":17},"end":{"line":1,"column":18}},"loc":{"start":{"line":1,"column":26},"end":{"line":13,"column":1}},"line":1},"1":{"name":"(anonymous_1)","decl":{"start":{"line":2,"column":18},"end":{"line":2,"column":19}},"loc":{"start":{"line":2,"column":35},"end":{"line":2,"column":89}},"line":2},"2":{"name":"(anonymous_2)","decl":{"start":{"line":4,"column":17},"end":{"line":4,"column":18}},"loc":{"start":{"line":4,"column":38},"end":{"line":8,"column":3}},"line":4}},"branchMap":{"0":{"loc":{"start":{"line":2,"column":19},"end":{"line":2,"column":30}},"type":"default-arg","locations":[{"start":{"line":2,"column":28},"end":{"line":2,"column":30}}],"line":2}},"s":{"0":7,"1":7,"2":1,"3":7,"4":1,"5":7},"f":{"0":7,"1":1,"2":1},"b":{"0":[1]},"_coverageSchema":"1a1c01bbd47fc00a2c39e90264f33305004495a9","hash":"95650f9837966eb872f01bae91242dc0a0425d75"}
,"C:\\Users\\Igor Oliveira\\Documents\\Projetos_IPCA-3_Semestre\\Computacao_Distribuida\\SmartGym_API_Prod\\src\\services\\reserva.js": {"path":"C:\\Users\\Igor Oliveira\\Documents\\Projetos_IPCA-3_Semestre\\Computacao_Distribuida\\SmartGym_API_Prod\\src\\services\\reserva.js","statementMap":{"0":{"start":{"line":1,"column":24},"end":{"line":1,"column":60}},"1":{"start":{"line":3,"column":0},"end":{"line":33,"column":2}},"2":{"start":{"line":4,"column":18},"end":{"line":6,"column":3}},"3":{"start":{"line":5,"column":4},"end":{"line":5,"column":60}},"4":{"start":{"line":8,"column":18},"end":{"line":10,"column":3}},"5":{"start":{"line":9,"column":4},"end":{"line":9,"column":52}},"6":{"start":{"line":12,"column":15},"end":{"line":22,"column":3}},"7":{"start":{"line":13,"column":20},"end":{"line":13,"column":28}},"8":{"start":{"line":15,"column":4},"end":{"line":15,"column":95}},"9":{"start":{"line":15,"column":29},"end":{"line":15,"column":95}},"10":{"start":{"line":16,"column":4},"end":{"line":16,"column":89}},"11":{"start":{"line":16,"column":26},"end":{"line":16,"column":89}},"12":{"start":{"line":18,"column":28},"end":{"line":18,"column":71}},"13":{"start":{"line":19,"column":4},"end":{"line":19,"column":72}},"14":{"start":{"line":19,"column":25},"end":{"line":19,"column":72}},"15":{"start":{"line":21,"column":4},"end":{"line":21,"column":51}},"16":{"start":{"line":24,"column":17},"end":{"line":28,"column":3}},"17":{"start":{"line":25,"column":4},"end":{"line":27,"column":13}},"18":{"start":{"line":30,"column":2},"end":{"line":32,"column":4}}},"fnMap":{"0":{"name":"(anonymous_0)","decl":{"start":{"line":3,"column":17},"end":{"line":3,"column":18}},"loc":{"start":{"line":3,"column":26},"end":{"line":33,"column":1}},"line":3},"1":{"name":"(anonymous_1)","decl":{"start":{"line":4,"column":18},"end":{"line":4,"column":19}},"loc":{"start":{"line":4,"column":30},"end":{"line":6,"column":3}},"line":4},"2":{"name":"(anonymous_2)","decl":{"start":{"line":8,"column":18},"end":{"line":8,"column":19}},"loc":{"start":{"line":8,"column":35},"end":{"line":10,"column":3}},"line":8},"3":{"name":"(anonymous_3)","decl":{"start":{"line":12,"column":15},"end":{"line":12,"column":16}},"loc":{"start":{"line":12,"column":30},"end":{"line":22,"column":3}},"line":12},"4":{"name":"(anonymous_4)","decl":{"start":{"line":24,"column":17},"end":{"line":24,"column":18}},"loc":{"start":{"line":24,"column":25},"end":{"line":28,"column":3}},"line":24}},"branchMap":{"0":{"loc":{"start":{"line":8,"column":19},"end":{"line":8,"column":30}},"type":"default-arg","locations":[{"start":{"line":8,"column":28},"end":{"line":8,"column":30}}],"line":8},"1":{"loc":{"start":{"line":15,"column":4},"end":{"line":15,"column":95}},"type":"if","locations":[{"start":{"line":15,"column":4},"end":{"line":15,"column":95}},{"start":{},"end":{}}],"line":15},"2":{"loc":{"start":{"line":16,"column":4},"end":{"line":16,"column":89}},"type":"if","locations":[{"start":{"line":16,"column":4},"end":{"line":16,"column":89}},{"start":{},"end":{}}],"line":16},"3":{"loc":{"start":{"line":19,"column":4},"end":{"line":19,"column":72}},"type":"if","locations":[{"start":{"line":19,"column":4},"end":{"line":19,"column":72}},{"start":{},"end":{}}],"line":19}},"s":{"0":7,"1":7,"2":7,"3":2,"4":7,"5":3,"6":7,"7":4,"8":4,"9":1,"10":3,"11":1,"12":2,"13":2,"14":1,"15":1,"16":7,"17":1,"18":7},"f":{"0":7,"1":2,"2":3,"3":4,"4":1},"b":{"0":[0],"1":[1,3],"2":[1,2],"3":[1,1]},"_coverageSchema":"1a1c01bbd47fc00a2c39e90264f33305004495a9","hash":"ac4ac2473fe41a9aa2c24abb5cf70073ca96e894"}
,"C:\\Users\\Igor Oliveira\\Documents\\Projetos_IPCA-3_Semestre\\Computacao_Distribuida\\SmartGym_API_Prod\\src\\services\\treino.js": {"path":"C:\\Users\\Igor Oliveira\\Documents\\Projetos_IPCA-3_Semestre\\Computacao_Distribuida\\SmartGym_API_Prod\\src\\services\\treino.js","statementMap":{"0":{"start":{"line":1,"column":24},"end":{"line":1,"column":60}},"1":{"start":{"line":3,"column":0},"end":{"line":38,"column":2}},"2":{"start":{"line":4,"column":18},"end":{"line":4,"column":115}},"3":{"start":{"line":4,"column":35},"end":{"line":4,"column":115}},"4":{"start":{"line":6,"column":18},"end":{"line":8,"column":3}},"5":{"start":{"line":7,"column":4},"end":{"line":7,"column":51}},"6":{"start":{"line":10,"column":15},"end":{"line":21,"column":3}},"7":{"start":{"line":11,"column":19},"end":{"line":11,"column":27}},"8":{"start":{"line":13,"column":4},"end":{"line":13,"column":94}},"9":{"start":{"line":13,"column":28},"end":{"line":13,"column":94}},"10":{"start":{"line":14,"column":4},"end":{"line":14,"column":88}},"11":{"start":{"line":14,"column":25},"end":{"line":14,"column":88}},"12":{"start":{"line":15,"column":4},"end":{"line":15,"column":92}},"13":{"start":{"line":15,"column":27},"end":{"line":15,"column":92}},"14":{"start":{"line":16,"column":4},"end":{"line":16,"column":86}},"15":{"start":{"line":16,"column":24},"end":{"line":16,"column":86}},"16":{"start":{"line":17,"column":4},"end":{"line":17,"column":94}},"17":{"start":{"line":17,"column":28},"end":{"line":17,"column":94}},"18":{"start":{"line":18,"column":4},"end":{"line":18,"column":90}},"19":{"start":{"line":18,"column":26},"end":{"line":18,"column":90}},"20":{"start":{"line":20,"column":4},"end":{"line":20,"column":49}},"21":{"start":{"line":23,"column":17},"end":{"line":27,"column":3}},"22":{"start":{"line":24,"column":4},"end":{"line":26,"column":27}},"23":{"start":{"line":29,"column":17},"end":{"line":33,"column":3}},"24":{"start":{"line":30,"column":4},"end":{"line":32,"column":13}},"25":{"start":{"line":35,"column":2},"end":{"line":37,"column":4}}},"fnMap":{"0":{"name":"(anonymous_0)","decl":{"start":{"line":3,"column":17},"end":{"line":3,"column":18}},"loc":{"start":{"line":3,"column":26},"end":{"line":38,"column":1}},"line":3},"1":{"name":"(anonymous_1)","decl":{"start":{"line":4,"column":18},"end":{"line":4,"column":19}},"loc":{"start":{"line":4,"column":35},"end":{"line":4,"column":115}},"line":4},"2":{"name":"(anonymous_2)","decl":{"start":{"line":6,"column":18},"end":{"line":6,"column":19}},"loc":{"start":{"line":6,"column":35},"end":{"line":8,"column":3}},"line":6},"3":{"name":"(anonymous_3)","decl":{"start":{"line":10,"column":15},"end":{"line":10,"column":16}},"loc":{"start":{"line":10,"column":30},"end":{"line":21,"column":3}},"line":10},"4":{"name":"(anonymous_4)","decl":{"start":{"line":23,"column":17},"end":{"line":23,"column":18}},"loc":{"start":{"line":23,"column":39},"end":{"line":27,"column":3}},"line":23},"5":{"name":"(anonymous_5)","decl":{"start":{"line":29,"column":17},"end":{"line":29,"column":18}},"loc":{"start":{"line":29,"column":25},"end":{"line":33,"column":3}},"line":29}},"branchMap":{"0":{"loc":{"start":{"line":4,"column":19},"end":{"line":4,"column":30}},"type":"default-arg","locations":[{"start":{"line":4,"column":28},"end":{"line":4,"column":30}}],"line":4},"1":{"loc":{"start":{"line":6,"column":19},"end":{"line":6,"column":30}},"type":"default-arg","locations":[{"start":{"line":6,"column":28},"end":{"line":6,"column":30}}],"line":6},"2":{"loc":{"start":{"line":13,"column":4},"end":{"line":13,"column":94}},"type":"if","locations":[{"start":{"line":13,"column":4},"end":{"line":13,"column":94}},{"start":{},"end":{}}],"line":13},"3":{"loc":{"start":{"line":14,"column":4},"end":{"line":14,"column":88}},"type":"if","locations":[{"start":{"line":14,"column":4},"end":{"line":14,"column":88}},{"start":{},"end":{}}],"line":14},"4":{"loc":{"start":{"line":15,"column":4},"end":{"line":15,"column":92}},"type":"if","locations":[{"start":{"line":15,"column":4},"end":{"line":15,"column":92}},{"start":{},"end":{}}],"line":15},"5":{"loc":{"start":{"line":16,"column":4},"end":{"line":16,"column":86}},"type":"if","locations":[{"start":{"line":16,"column":4},"end":{"line":16,"column":86}},{"start":{},"end":{}}],"line":16},"6":{"loc":{"start":{"line":17,"column":4},"end":{"line":17,"column":94}},"type":"if","locations":[{"start":{"line":17,"column":4},"end":{"line":17,"column":94}},{"start":{},"end":{}}],"line":17},"7":{"loc":{"start":{"line":18,"column":4},"end":{"line":18,"column":90}},"type":"if","locations":[{"start":{"line":18,"column":4},"end":{"line":18,"column":90}},{"start":{},"end":{}}],"line":18}},"s":{"0":7,"1":7,"2":7,"3":1,"4":7,"5":1,"6":7,"7":7,"8":7,"9":1,"10":6,"11":1,"12":5,"13":1,"14":4,"15":1,"16":3,"17":1,"18":2,"19":1,"20":1,"21":7,"22":1,"23":7,"24":1,"25":7},"f":{"0":7,"1":1,"2":1,"3":7,"4":1,"5":1},"b":{"0":[1],"1":[0],"2":[1,6],"3":[1,5],"4":[1,4],"5":[1,3],"6":[1,2],"7":[1,1]},"_coverageSchema":"1a1c01bbd47fc00a2c39e90264f33305004495a9","hash":"2974a2461db806d363545bf728380a0f36dd318e"}
}
