TN:
SF:knexfile.js
FNF:0
FNH:0
DA:2,7
LF:1
LH:1
BRF:0
BRH:0
end_of_record
TN:
SF:src\app.js
FN:20,(anonymous_0)
FN:24,(anonymous_1)
FNF:2
FNH:2
FNDA:1,(anonymous_0)
FNDA:21,(anonymous_1)
DA:1,7
DA:2,7
DA:3,7
DA:5,7
DA:6,7
DA:8,7
DA:10,7
DA:12,7
DA:20,7
DA:21,1
DA:24,7
DA:25,21
DA:26,21
DA:27,0
DA:28,21
DA:31,7
LF:16
LH:15
BRDA:26,0,0,21
BRDA:26,0,1,0
BRF:2
BRH:1
end_of_record
TN:
SF:src\config\middlewares.js
FN:3,(anonymous_0)
FNF:1
FNH:1
FNDA:7,(anonymous_0)
DA:1,7
DA:3,7
DA:4,7
LF:3
LH:3
BRF:0
BRH:0
end_of_record
TN:
SF:src\config\passport.js
FN:8,(anonymous_0)
FN:14,(anonymous_1)
FN:16,(anonymous_2)
FN:21,(anonymous_3)
FN:27,(anonymous_4)
FNF:5
FNH:4
FNDA:7,(anonymous_0)
FNDA:37,(anonymous_1)
FNDA:37,(anonymous_2)
FNDA:0,(anonymous_3)
FNDA:7,(anonymous_4)
DA:1,7
DA:2,7
DA:4,7
DA:6,7
DA:8,7
DA:9,7
DA:14,7
DA:15,37
DA:17,37
DA:19,37
DA:20,0
DA:21,0
DA:24,7
DA:26,7
DA:27,7
LF:15
LH:13
BRDA:19,0,0,37
BRDA:19,0,1,0
BRF:2
BRH:1
end_of_record
TN:
SF:src\config\router.js
FN:3,(anonymous_0)
FNF:1
FNH:1
FNDA:7,(anonymous_0)
DA:1,7
DA:3,7
DA:4,7
DA:6,7
DA:8,7
DA:9,7
DA:10,7
DA:11,7
DA:12,7
DA:14,7
LF:10
LH:10
BRF:0
BRH:0
end_of_record
TN:
SF:src\errors\validationError.js
FN:1,validationError
FNF:1
FNH:1
FNDA:21,validationError
DA:1,7
DA:2,21
DA:3,21
LF:3
LH:3
BRF:0
BRH:0
end_of_record
TN:
SF:src\routes\aulas.js
FN:3,(anonymous_0)
FN:6,(anonymous_1)
FN:8,(anonymous_2)
FN:9,(anonymous_3)
FN:12,(anonymous_4)
FN:21,(anonymous_5)
FN:23,(anonymous_6)
FN:24,(anonymous_7)
FN:27,(anonymous_8)
FN:29,(anonymous_9)
FN:30,(anonymous_10)
FN:33,(anonymous_11)
FN:35,(anonymous_12)
FN:36,(anonymous_13)
FNF:14
FNH:11
FNDA:7,(anonymous_0)
FNDA:1,(anonymous_1)
FNDA:1,(anonymous_2)
FNDA:0,(anonymous_3)
FNDA:8,(anonymous_4)
FNDA:1,(anonymous_5)
FNDA:1,(anonymous_6)
FNDA:0,(anonymous_7)
FNDA:1,(anonymous_8)
FNDA:1,(anonymous_9)
FNDA:0,(anonymous_10)
FNDA:2,(anonymous_11)
FNDA:1,(anonymous_12)
FNDA:1,(anonymous_13)
DA:1,7
DA:3,7
DA:4,7
DA:6,7
DA:7,1
DA:8,1
DA:9,0
DA:12,7
DA:13,8
DA:14,8
DA:15,1
DA:17,7
DA:21,7
DA:22,1
DA:23,1
DA:24,0
DA:27,7
DA:28,1
DA:29,1
DA:30,0
DA:33,7
DA:34,2
DA:35,1
DA:36,1
DA:39,7
LF:25
LH:22
BRF:0
BRH:0
end_of_record
TN:
SF:src\routes\auths.js
FN:8,(anonymous_0)
FN:11,(anonymous_1)
FN:13,(anonymous_2)
FN:25,(anonymous_3)
FN:28,(anonymous_4)
FNF:5
FNH:5
FNDA:7,(anonymous_0)
FNDA:3,(anonymous_1)
FNDA:3,(anonymous_2)
FNDA:2,(anonymous_3)
FNDA:1,(anonymous_4)
DA:1,7
DA:2,7
DA:3,7
DA:4,7
DA:6,7
DA:8,7
DA:9,7
DA:11,7
DA:12,3
DA:14,3
DA:15,2
DA:16,1
DA:22,1
DA:23,1
DA:24,1
DA:25,2
DA:28,7
DA:29,1
DA:30,1
DA:31,1
DA:33,0
DA:37,7
LF:22
LH:21
BRDA:14,0,0,1
BRDA:14,0,1,2
BRDA:15,1,0,1
BRDA:15,1,1,1
BRF:4
BRH:4
end_of_record
TN:
SF:src\routes\clientes.js
FN:3,(anonymous_0)
FN:6,(anonymous_1)
FN:8,(anonymous_2)
FN:9,(anonymous_3)
FN:12,(anonymous_4)
FN:21,(anonymous_5)
FN:23,(anonymous_6)
FN:24,(anonymous_7)
FN:27,(anonymous_8)
FN:29,(anonymous_9)
FN:30,(anonymous_10)
FN:33,(anonymous_11)
FN:35,(anonymous_12)
FN:36,(anonymous_13)
FNF:14
FNH:11
FNDA:7,(anonymous_0)
FNDA:1,(anonymous_1)
FNDA:1,(anonymous_2)
FNDA:0,(anonymous_3)
FNDA:8,(anonymous_4)
FNDA:1,(anonymous_5)
FNDA:1,(anonymous_6)
FNDA:0,(anonymous_7)
FNDA:1,(anonymous_8)
FNDA:1,(anonymous_9)
FNDA:0,(anonymous_10)
FNDA:5,(anonymous_11)
FNDA:1,(anonymous_12)
FNDA:4,(anonymous_13)
DA:1,7
DA:3,7
DA:4,7
DA:6,7
DA:7,1
DA:8,1
DA:9,0
DA:12,7
DA:13,8
DA:14,8
DA:15,2
DA:17,6
DA:21,7
DA:22,1
DA:23,1
DA:24,0
DA:27,7
DA:28,1
DA:29,1
DA:30,0
DA:33,7
DA:34,5
DA:35,1
DA:36,4
DA:39,7
LF:25
LH:22
BRF:0
BRH:0
end_of_record
TN:
SF:src\routes\niveis.js
FN:3,(anonymous_0)
FN:6,(anonymous_1)
FN:8,(anonymous_2)
FN:9,(anonymous_3)
FN:12,(anonymous_4)
FN:14,(anonymous_5)
FN:15,(anonymous_6)
FNF:7
FNH:5
FNDA:7,(anonymous_0)
FNDA:1,(anonymous_1)
FNDA:1,(anonymous_2)
FNDA:0,(anonymous_3)
FNDA:1,(anonymous_4)
FNDA:1,(anonymous_5)
FNDA:0,(anonymous_6)
DA:1,7
DA:3,7
DA:4,7
DA:6,7
DA:7,1
DA:8,1
DA:9,0
DA:12,7
DA:13,1
DA:14,1
DA:15,0
DA:18,7
LF:12
LH:10
BRF:0
BRH:0
end_of_record
TN:
SF:src\routes\reservas.js
FN:3,(anonymous_0)
FN:6,(anonymous_1)
FN:8,(anonymous_2)
FN:9,(anonymous_3)
FN:12,(anonymous_4)
FN:14,(anonymous_5)
FN:15,(anonymous_6)
FN:18,(anonymous_7)
FN:27,(anonymous_8)
FN:29,(anonymous_9)
FN:30,(anonymous_10)
FNF:11
FNH:6
FNDA:7,(anonymous_0)
FNDA:2,(anonymous_1)
FNDA:2,(anonymous_2)
FNDA:0,(anonymous_3)
FNDA:0,(anonymous_4)
FNDA:0,(anonymous_5)
FNDA:0,(anonymous_6)
FNDA:2,(anonymous_7)
FNDA:1,(anonymous_8)
FNDA:1,(anonymous_9)
FNDA:0,(anonymous_10)
DA:1,7
DA:3,7
DA:4,7
DA:6,7
DA:7,2
DA:8,2
DA:9,0
DA:12,7
DA:13,0
DA:14,0
DA:15,0
DA:18,7
DA:19,2
DA:20,2
DA:21,1
DA:23,1
DA:27,7
DA:28,1
DA:29,1
DA:30,0
DA:33,7
LF:21
LH:16
BRF:0
BRH:0
end_of_record
TN:
SF:src\routes\treinos.js
FN:3,(anonymous_0)
FN:6,(anonymous_1)
FN:8,(anonymous_2)
FN:9,(anonymous_3)
FN:12,(anonymous_4)
FN:14,(anonymous_5)
FN:15,(anonymous_6)
FN:18,(anonymous_7)
FN:27,(anonymous_8)
FN:29,(anonymous_9)
FN:30,(anonymous_10)
FNF:11
FNH:2
FNDA:7,(anonymous_0)
FNDA:0,(anonymous_1)
FNDA:0,(anonymous_2)
FNDA:0,(anonymous_3)
FNDA:0,(anonymous_4)
FNDA:0,(anonymous_5)
FNDA:0,(anonymous_6)
FNDA:1,(anonymous_7)
FNDA:0,(anonymous_8)
FNDA:0,(anonymous_9)
FNDA:0,(anonymous_10)
DA:1,7
DA:3,7
DA:4,7
DA:6,7
DA:7,0
DA:8,0
DA:9,0
DA:12,7
DA:13,0
DA:14,0
DA:15,0
DA:18,7
DA:19,1
DA:20,1
DA:21,1
DA:23,0
DA:27,7
DA:28,0
DA:29,0
DA:30,0
DA:33,7
LF:21
LH:11
BRF:0
BRH:0
end_of_record
TN:
SF:src\seeds\niveis_aula.js
FN:1,(anonymous_0)
FN:3,(anonymous_1)
FNF:2
FNH:2
FNDA:1,(anonymous_0)
FNDA:1,(anonymous_1)
DA:1,1
DA:2,1
DA:3,1
LF:3
LH:3
BRF:0
BRH:0
end_of_record
TN:
SF:src\services\aula.js
FN:3,(anonymous_0)
FN:4,(anonymous_1)
FN:6,(anonymous_2)
FN:10,(anonymous_3)
FN:22,(anonymous_4)
FN:28,(anonymous_5)
FNF:6
FNH:6
FNDA:7,(anonymous_0)
FNDA:1,(anonymous_1)
FNDA:1,(anonymous_2)
FNDA:11,(anonymous_3)
FNDA:1,(anonymous_4)
FNDA:2,(anonymous_5)
DA:1,7
DA:3,7
DA:4,7
DA:6,7
DA:7,1
DA:10,7
DA:11,11
DA:12,10
DA:13,9
DA:14,8
DA:15,7
DA:16,6
DA:17,5
DA:19,4
DA:22,7
DA:23,1
DA:28,7
DA:29,2
DA:31,1
DA:36,7
LF:20
LH:20
BRDA:4,0,0,1
BRDA:6,1,0,0
BRDA:11,2,0,1
BRDA:11,2,1,10
BRDA:12,3,0,1
BRDA:12,3,1,9
BRDA:13,4,0,1
BRDA:13,4,1,8
BRDA:14,5,0,1
BRDA:14,5,1,7
BRDA:15,6,0,1
BRDA:15,6,1,6
BRDA:16,7,0,1
BRDA:16,7,1,5
BRDA:17,8,0,1
BRDA:17,8,1,4
BRDA:29,9,0,1
BRDA:29,9,1,1
BRF:18
BRH:17
end_of_record
TN:
SF:src\services\cliente.js
FN:4,(anonymous_0)
FN:5,(anonymous_1)
FN:7,(anonymous_2)
FN:11,(anonymous_3)
FN:16,(anonymous_4)
FN:33,(anonymous_5)
FN:39,(anonymous_6)
FNF:7
FNH:7
FNDA:7,(anonymous_0)
FNDA:1,(anonymous_1)
FNDA:67,(anonymous_2)
FNDA:12,(anonymous_3)
FNDA:17,(anonymous_4)
FNDA:1,(anonymous_5)
FNDA:5,(anonymous_6)
DA:1,7
DA:2,7
DA:4,7
DA:5,7
DA:7,7
DA:8,67
DA:11,7
DA:12,12
DA:13,12
DA:16,7
DA:17,17
DA:18,16
DA:19,15
DA:20,14
DA:22,13
DA:23,13
DA:25,12
DA:26,12
DA:28,11
DA:29,11
DA:30,11
DA:33,7
DA:34,1
DA:39,7
DA:40,5
DA:41,4
DA:42,3
DA:43,2
DA:45,1
DA:46,1
DA:47,1
DA:52,7
LF:32
LH:32
BRDA:5,0,0,1
BRDA:7,1,0,0
BRDA:17,2,0,1
BRDA:17,2,1,16
BRDA:18,3,0,1
BRDA:18,3,1,15
BRDA:19,4,0,1
BRDA:19,4,1,14
BRDA:20,5,0,1
BRDA:20,5,1,13
BRDA:23,6,0,1
BRDA:23,6,1,12
BRDA:26,7,0,1
BRDA:26,7,1,11
BRDA:40,8,0,1
BRDA:40,8,1,4
BRDA:41,9,0,1
BRDA:41,9,1,3
BRDA:42,10,0,1
BRDA:42,10,1,2
BRDA:43,11,0,1
BRDA:43,11,1,1
BRF:22
BRH:21
end_of_record
TN:
SF:src\services\nivelAula.js
FN:1,(anonymous_0)
FN:2,(anonymous_1)
FN:4,(anonymous_2)
FNF:3
FNH:3
FNDA:7,(anonymous_0)
FNDA:1,(anonymous_1)
FNDA:1,(anonymous_2)
DA:1,7
DA:2,7
DA:4,7
DA:5,1
DA:10,7
LF:5
LH:5
BRDA:2,0,0,1
BRF:1
BRH:1
end_of_record
TN:
SF:src\services\reserva.js
FN:3,(anonymous_0)
FN:4,(anonymous_1)
FN:8,(anonymous_2)
FN:12,(anonymous_3)
FN:24,(anonymous_4)
FNF:5
FNH:5
FNDA:7,(anonymous_0)
FNDA:2,(anonymous_1)
FNDA:2,(anonymous_2)
FNDA:2,(anonymous_3)
FNDA:1,(anonymous_4)
DA:1,7
DA:3,7
DA:4,7
DA:5,2
DA:8,7
DA:9,2
DA:12,7
DA:13,2
DA:15,2
DA:16,2
DA:18,2
DA:19,2
DA:21,1
DA:24,7
DA:25,1
DA:30,7
LF:16
LH:16
BRDA:8,0,0,0
BRDA:15,1,0,0
BRDA:15,1,1,2
BRDA:16,2,0,0
BRDA:16,2,1,2
BRDA:19,3,0,1
BRDA:19,3,1,1
BRF:7
BRH:4
end_of_record
TN:
SF:src\services\treino.js
FN:3,(anonymous_0)
FN:4,(anonymous_1)
FN:8,(anonymous_2)
FN:12,(anonymous_3)
FN:25,(anonymous_4)
FNF:5
FNH:2
FNDA:7,(anonymous_0)
FNDA:0,(anonymous_1)
FNDA:0,(anonymous_2)
FNDA:1,(anonymous_3)
FNDA:0,(anonymous_4)
DA:1,7
DA:3,7
DA:4,7
DA:5,0
DA:8,7
DA:9,0
DA:12,7
DA:13,1
DA:15,1
DA:16,1
DA:17,1
DA:18,1
DA:19,1
DA:20,1
DA:22,1
DA:25,7
DA:26,0
DA:31,7
LF:18
LH:15
BRDA:8,0,0,0
BRDA:15,1,0,0
BRDA:15,1,1,1
BRDA:16,2,0,0
BRDA:16,2,1,1
BRDA:17,3,0,0
BRDA:17,3,1,1
BRDA:18,4,0,0
BRDA:18,4,1,1
BRDA:19,5,0,0
BRDA:19,5,1,1
BRDA:20,6,0,0
BRDA:20,6,1,1
BRF:13
BRH:6
end_of_record
