TN:
SF:knexfile.js
FNF:0
FNH:0
DA:1,5
LF:1
LH:1
BRF:0
BRH:0
end_of_record
TN:
SF:src\app.js
FN:20,(anonymous_0)
FN:24,(anonymous_1)
FNF:2
FNH:2
FNDA:1,(anonymous_0)
FNDA:15,(anonymous_1)
DA:1,5
DA:2,5
DA:3,5
DA:5,5
DA:6,5
DA:8,5
DA:10,5
DA:12,5
DA:20,5
DA:21,1
DA:24,5
DA:25,15
DA:26,15
DA:27,0
DA:28,15
DA:31,5
LF:16
LH:15
BRDA:26,0,0,15
BRDA:26,0,1,0
BRF:2
BRH:1
end_of_record
TN:
SF:src\config\middlewares.js
FN:3,(anonymous_0)
FNF:1
FNH:1
FNDA:5,(anonymous_0)
DA:1,5
DA:3,5
DA:4,5
LF:3
LH:3
BRF:0
BRH:0
end_of_record
TN:
SF:src\config\passport.js
FN:8,(anonymous_0)
FN:14,(anonymous_1)
FN:16,(anonymous_2)
FN:21,(anonymous_3)
FN:27,(anonymous_4)
FNF:5
FNH:4
FNDA:5,(anonymous_0)
FNDA:28,(anonymous_1)
FNDA:28,(anonymous_2)
FNDA:0,(anonymous_3)
FNDA:5,(anonymous_4)
DA:1,5
DA:2,5
DA:4,5
DA:6,5
DA:8,5
DA:9,5
DA:14,5
DA:15,28
DA:17,28
DA:19,28
DA:20,0
DA:21,0
DA:24,5
DA:26,5
DA:27,5
LF:15
LH:13
BRDA:19,0,0,28
BRDA:19,0,1,0
BRF:2
BRH:1
end_of_record
TN:
SF:src\config\router.js
FN:3,(anonymous_0)
FNF:1
FNH:1
FNDA:5,(anonymous_0)
DA:1,5
DA:3,5
DA:4,5
DA:6,5
DA:8,5
DA:9,5
DA:10,5
DA:12,5
LF:8
LH:8
BRF:0
BRH:0
end_of_record
TN:
SF:src\errors\validationError.js
FN:1,validationError
FNF:1
FNH:1
FNDA:15,validationError
DA:1,5
DA:2,15
DA:3,15
LF:3
LH:3
BRF:0
BRH:0
end_of_record
TN:
SF:src\routes\aulas.js
FN:3,(anonymous_0)
FN:6,(anonymous_1)
FN:8,(anonymous_2)
FN:9,(anonymous_3)
FN:12,(anonymous_4)
FN:21,(anonymous_5)
FN:23,(anonymous_6)
FN:24,(anonymous_7)
FN:27,(anonymous_8)
FN:29,(anonymous_9)
FN:30,(anonymous_10)
FN:33,(anonymous_11)
FN:35,(anonymous_12)
FN:36,(anonymous_13)
FNF:14
FNH:10
FNDA:5,(anonymous_0)
FNDA:1,(anonymous_1)
FNDA:1,(anonymous_2)
FNDA:0,(anonymous_3)
FNDA:8,(anonymous_4)
FNDA:1,(anonymous_5)
FNDA:1,(anonymous_6)
FNDA:0,(anonymous_7)
FNDA:1,(anonymous_8)
FNDA:1,(anonymous_9)
FNDA:0,(anonymous_10)
FNDA:1,(anonymous_11)
FNDA:1,(anonymous_12)
FNDA:0,(anonymous_13)
DA:1,5
DA:3,5
DA:4,5
DA:6,5
DA:7,1
DA:8,1
DA:9,0
DA:12,5
DA:13,8
DA:14,8
DA:15,1
DA:17,7
DA:21,5
DA:22,1
DA:23,1
DA:24,0
DA:27,5
DA:28,1
DA:29,1
DA:30,0
DA:33,5
DA:34,1
DA:35,1
DA:36,0
DA:39,5
LF:25
LH:21
BRF:0
BRH:0
end_of_record
TN:
SF:src\routes\auths.js
FN:8,(anonymous_0)
FN:11,(anonymous_1)
FN:13,(anonymous_2)
FN:25,(anonymous_3)
FN:28,(anonymous_4)
FNF:5
FNH:5
FNDA:5,(anonymous_0)
FNDA:3,(anonymous_1)
FNDA:3,(anonymous_2)
FNDA:2,(anonymous_3)
FNDA:1,(anonymous_4)
DA:1,5
DA:2,5
DA:3,5
DA:4,5
DA:6,5
DA:8,5
DA:9,5
DA:11,5
DA:12,3
DA:14,3
DA:15,2
DA:16,1
DA:22,1
DA:23,1
DA:24,1
DA:25,2
DA:28,5
DA:29,1
DA:30,1
DA:31,1
DA:33,0
DA:37,5
LF:22
LH:21
BRDA:14,0,0,1
BRDA:14,0,1,2
BRDA:15,1,0,1
BRDA:15,1,1,1
BRF:4
BRH:4
end_of_record
TN:
SF:src\routes\clientes.js
FN:3,(anonymous_0)
FN:6,(anonymous_1)
FN:8,(anonymous_2)
FN:9,(anonymous_3)
FN:12,(anonymous_4)
FN:21,(anonymous_5)
FN:23,(anonymous_6)
FN:24,(anonymous_7)
FN:27,(anonymous_8)
FN:29,(anonymous_9)
FN:30,(anonymous_10)
FN:33,(anonymous_11)
FN:35,(anonymous_12)
FN:36,(anonymous_13)
FNF:14
FNH:10
FNDA:5,(anonymous_0)
FNDA:1,(anonymous_1)
FNDA:1,(anonymous_2)
FNDA:0,(anonymous_3)
FNDA:8,(anonymous_4)
FNDA:1,(anonymous_5)
FNDA:1,(anonymous_6)
FNDA:0,(anonymous_7)
FNDA:1,(anonymous_8)
FNDA:1,(anonymous_9)
FNDA:0,(anonymous_10)
FNDA:1,(anonymous_11)
FNDA:1,(anonymous_12)
FNDA:0,(anonymous_13)
DA:1,5
DA:3,5
DA:4,5
DA:6,5
DA:7,1
DA:8,1
DA:9,0
DA:12,5
DA:13,8
DA:14,8
DA:15,2
DA:17,6
DA:21,5
DA:22,1
DA:23,1
DA:24,0
DA:27,5
DA:28,1
DA:29,1
DA:30,0
DA:33,5
DA:34,1
DA:35,1
DA:36,0
DA:39,5
LF:25
LH:21
BRF:0
BRH:0
end_of_record
TN:
SF:src\routes\reservas.js
FN:3,(anonymous_0)
FN:6,(anonymous_1)
FN:8,(anonymous_2)
FN:9,(anonymous_3)
FN:12,(anonymous_4)
FN:21,(anonymous_5)
FN:23,(anonymous_6)
FN:24,(anonymous_7)
FNF:8
FNH:6
FNDA:5,(anonymous_0)
FNDA:2,(anonymous_1)
FNDA:2,(anonymous_2)
FNDA:0,(anonymous_3)
FNDA:1,(anonymous_4)
FNDA:1,(anonymous_5)
FNDA:1,(anonymous_6)
FNDA:0,(anonymous_7)
DA:1,5
DA:3,5
DA:4,5
DA:6,5
DA:7,2
DA:8,2
DA:9,0
DA:12,5
DA:13,1
DA:14,1
DA:15,1
DA:17,0
DA:21,5
DA:22,1
DA:23,1
DA:24,0
DA:27,5
LF:17
LH:14
BRF:0
BRH:0
end_of_record
TN:
SF:src\services\aula.js
FN:3,(anonymous_0)
FN:4,(anonymous_1)
FN:6,(anonymous_2)
FN:10,(anonymous_3)
FN:24,(anonymous_4)
FN:30,(anonymous_5)
FNF:6
FNH:6
FNDA:5,(anonymous_0)
FNDA:1,(anonymous_1)
FNDA:6,(anonymous_2)
FNDA:11,(anonymous_3)
FNDA:1,(anonymous_4)
FNDA:1,(anonymous_5)
DA:1,5
DA:3,5
DA:4,5
DA:6,5
DA:7,6
DA:10,5
DA:11,11
DA:12,10
DA:13,9
DA:14,8
DA:15,7
DA:16,6
DA:18,5
DA:19,5
DA:21,4
DA:24,5
DA:25,1
DA:30,5
DA:31,1
DA:36,5
LF:20
LH:20
BRDA:4,0,0,1
BRDA:6,1,0,0
BRDA:11,2,0,1
BRDA:11,2,1,10
BRDA:12,3,0,1
BRDA:12,3,1,9
BRDA:13,4,0,1
BRDA:13,4,1,8
BRDA:14,5,0,1
BRDA:14,5,1,7
BRDA:15,6,0,1
BRDA:15,6,1,6
BRDA:16,7,0,1
BRDA:16,7,1,5
BRDA:19,8,0,1
BRDA:19,8,1,4
BRF:16
BRH:15
end_of_record
TN:
SF:src\services\cliente.js
FN:4,(anonymous_0)
FN:5,(anonymous_1)
FN:7,(anonymous_2)
FN:11,(anonymous_3)
FN:16,(anonymous_4)
FN:33,(anonymous_5)
FN:39,(anonymous_6)
FNF:7
FNH:7
FNDA:5,(anonymous_0)
FNDA:1,(anonymous_1)
FNDA:54,(anonymous_2)
FNDA:9,(anonymous_3)
FNDA:15,(anonymous_4)
FNDA:1,(anonymous_5)
FNDA:1,(anonymous_6)
DA:1,5
DA:2,5
DA:4,5
DA:5,5
DA:7,5
DA:8,54
DA:11,5
DA:12,9
DA:13,9
DA:16,5
DA:17,15
DA:18,14
DA:19,13
DA:20,12
DA:22,11
DA:23,11
DA:25,10
DA:26,10
DA:28,9
DA:29,9
DA:30,9
DA:33,5
DA:34,1
DA:39,5
DA:40,1
DA:45,5
LF:26
LH:26
BRDA:5,0,0,1
BRDA:7,1,0,0
BRDA:17,2,0,1
BRDA:17,2,1,14
BRDA:18,3,0,1
BRDA:18,3,1,13
BRDA:19,4,0,1
BRDA:19,4,1,12
BRDA:20,5,0,1
BRDA:20,5,1,11
BRDA:23,6,0,1
BRDA:23,6,1,10
BRDA:26,7,0,1
BRDA:26,7,1,9
BRF:14
BRH:13
end_of_record
TN:
SF:src\services\reserva.js
FN:3,(anonymous_0)
FN:4,(anonymous_1)
FN:8,(anonymous_2)
FN:17,(anonymous_3)
FNF:4
FNH:4
FNDA:5,(anonymous_0)
FNDA:2,(anonymous_1)
FNDA:1,(anonymous_2)
FNDA:1,(anonymous_3)
DA:1,5
DA:3,5
DA:4,5
DA:5,2
DA:8,5
DA:9,1
DA:11,1
DA:12,1
DA:14,1
DA:17,5
DA:18,1
DA:23,5
LF:12
LH:12
BRDA:11,0,0,0
BRDA:11,0,1,1
BRDA:12,1,0,0
BRDA:12,1,1,1
BRF:4
BRH:2
end_of_record
